2023-04-02 23:18:55 INFO  PhanThiLinh_20520615:687 - Result :6.0
2023-04-02 23:18:55 INFO  PhanThiLinh_20520615:688 - Memory: Null
2023-04-02 23:19:26 INFO  PhanThiLinh_20520615:63 -  Run Caculator
2023-04-02 23:19:33 INFO  PhanThiLinh_20520615:687 - Result :1000.0
2023-04-02 23:19:33 INFO  PhanThiLinh_20520615:688 - Memory: Null
2023-04-02 23:19:36 INFO  PhanThiLinh_20520615:687 - Result :1000.0
2023-04-02 23:19:36 INFO  PhanThiLinh_20520615:688 - Memory: Null
2023-04-02 23:19:39 INFO  PhanThiLinh_20520615:687 - Result :1000.09
2023-04-02 23:19:39 INFO  PhanThiLinh_20520615:688 - Memory: Null
2023-04-02 23:19:39 INFO  PhanThiLinh_20520615:687 - Result :1000.09
2023-04-02 23:19:39 INFO  PhanThiLinh_20520615:688 - Memory: Null
2023-04-02 23:19:39 INFO  PhanThiLinh_20520615:687 - Result :1000.09
2023-04-02 23:19:39 INFO  PhanThiLinh_20520615:688 - Memory: Null
2023-04-02 23:19:40 INFO  PhanThiLinh_20520615:687 - Result :1000.09
2023-04-02 23:19:40 INFO  PhanThiLinh_20520615:688 - Memory: Null
2023-04-02 23:19:42 INFO  PhanThiLinh_20520615:687 - Result :1000.1
2023-04-02 23:19:42 INFO  PhanThiLinh_20520615:688 - Memory: Null
2023-04-02 23:19:42 INFO  PhanThiLinh_20520615:687 - Result :1000.1
2023-04-02 23:19:42 INFO  PhanThiLinh_20520615:688 - Memory: Null
2023-04-02 23:20:24 INFO  PhanThiLinh_20520615:63 -  Run Caculator
2023-04-02 23:20:33 INFO  PhanThiLinh_20520615:698 - Result :21000.0
2023-04-02 23:20:33 INFO  PhanThiLinh_20520615:699 - Memory: Null
2023-04-02 23:20:39 INFO  PhanThiLinh_20520615:687 - Result :21000.0
2023-04-02 23:20:39 INFO  PhanThiLinh_20520615:688 - Memory: Null
2023-04-02 23:20:39 INFO  PhanThiLinh_20520615:687 - Result :21000.0
2023-04-02 23:20:39 INFO  PhanThiLinh_20520615:688 - Memory: 21000.0
2023-04-02 23:20:40 INFO  PhanThiLinh_20520615:687 - Result :42000.0
2023-04-02 23:20:40 INFO  PhanThiLinh_20520615:688 - Memory: 42000.0
2023-04-02 23:20:44 INFO  PhanThiLinh_20520615:598 - Result :
2023-04-02 23:20:44 INFO  PhanThiLinh_20520615:599 - Memory: Null
2023-04-02 23:20:46 INFO  PhanThiLinh_20520615:687 - Result :22333.0
2023-04-02 23:20:46 INFO  PhanThiLinh_20520615:688 - Memory: 
2023-04-02 23:20:55 INFO  PhanThiLinh_20520615:63 -  Run Caculator
2023-04-02 23:21:09 INFO  PhanThiLinh_20520615:698 - Result :28.0
2023-04-02 23:21:09 INFO  PhanThiLinh_20520615:699 - Memory: Null
2023-04-02 23:21:12 INFO  PhanThiLinh_20520615:687 - Result :28.0
2023-04-02 23:21:12 INFO  PhanThiLinh_20520615:688 - Memory: Null
2023-04-02 23:21:13 INFO  PhanThiLinh_20520615:687 - Result :28.0
2023-04-02 23:21:13 INFO  PhanThiLinh_20520615:688 - Memory: 28.0
2023-04-02 23:21:14 INFO  PhanThiLinh_20520615:687 - Result :56.0
2023-04-02 23:21:14 INFO  PhanThiLinh_20520615:688 - Memory: 56.0
2023-04-02 23:21:15 INFO  PhanThiLinh_20520615:687 - Result :112.0
2023-04-02 23:21:15 INFO  PhanThiLinh_20520615:688 - Memory: 112.0
2023-04-02 23:21:16 INFO  PhanThiLinh_20520615:687 - Result :224.0
2023-04-02 23:21:16 INFO  PhanThiLinh_20520615:688 - Memory: 224.0
2023-04-02 23:30:58 INFO  PhanThiLinh_20520615:71 -  Run Caculator
2023-04-02 23:33:53 INFO  PhanThiLinh_20520615:71 -  Run Caculator
2023-04-02 23:34:03 INFO  PhanThiLinh_20520615:71 -  Run Caculator
2023-04-02 23:34:59 INFO  PhanThiLinh_20520615:71 -  Run Caculator
2023-04-02 23:35:01 INFO  PhanThiLinh_20520615:71 -  Run Caculator
2023-04-02 23:35:14 INFO  PhanThiLinh_20520615:71 -  Run Caculator
2023-04-02 23:35:23 INFO  PhanThiLinh_20520615:71 -  Run Caculator
2023-04-02 23:35:31 INFO  PhanThiLinh_20520615:71 -  Run Caculator
2023-04-02 23:46:45 INFO  PhanThiLinh_20520615:71 -  Run Caculator
2023-04-02 23:46:48 INFO  PhanThiLinh_20520615:716 - Result :36.0
2023-04-02 23:46:48 INFO  PhanThiLinh_20520615:717 - Memory: Null
2023-04-02 23:58:50 INFO  PhanThiLinh_20520615:72 -  Run Caculator
2023-04-03 14:19:10 INFO  PhanThiLinh_20520615:72 -  Run Caculator
2023-04-03 14:20:47 INFO  PhanThiLinh_20520615:613 - Result :
2023-04-03 14:20:47 INFO  PhanThiLinh_20520615:614 - Memory: Null
2023-04-03 14:21:24 INFO  PhanThiLinh_20520615:719 - Result :21.0
2023-04-03 14:21:24 INFO  PhanThiLinh_20520615:720 - Memory: 
2023-04-03 14:23:29 INFO  PhanThiLinh_20520615:719 - Result :19.6
2023-04-03 14:23:29 INFO  PhanThiLinh_20520615:720 - Memory: Null
2023-04-03 14:24:15 INFO  PhanThiLinh_20520615:719 - Result :12.2
2023-04-03 14:24:15 INFO  PhanThiLinh_20520615:720 - Memory: Null
2023-04-03 14:33:39 INFO  PhanThiLinh_20520615:72 -  Run Caculator
2023-04-03 15:33:07 INFO  PhanThiLinh_20520615:72 -  Run Caculator
2023-04-03 15:33:47 INFO  PhanThiLinh_20520615:720 - Result :12.0
2023-04-03 15:33:47 INFO  PhanThiLinh_20520615:721 - Memory: Null
2023-04-03 15:35:30 INFO  PhanThiLinh_20520615:720 - Result :12.5
2023-04-03 15:35:30 INFO  PhanThiLinh_20520615:721 - Memory: Null
2023-04-03 15:38:03 INFO  PhanThiLinh_20520615:708 - Result :1000.0
2023-04-03 15:38:03 INFO  PhanThiLinh_20520615:709 - Memory: Null
2023-04-03 15:38:24 INFO  PhanThiLinh_20520615:708 - Result :10.0
2023-04-03 15:38:24 INFO  PhanThiLinh_20520615:709 - Memory: Null
2023-04-03 15:38:49 INFO  PhanThiLinh_20520615:708 - Result :100.0
2023-04-03 15:38:49 INFO  PhanThiLinh_20520615:709 - Memory: Null
2023-04-03 15:39:04 INFO  PhanThiLinh_20520615:708 - Result :10.0
2023-04-03 15:39:04 INFO  PhanThiLinh_20520615:709 - Memory: Null
2023-04-03 15:39:47 INFO  PhanThiLinh_20520615:708 - Result :10.0
2023-04-03 15:39:47 INFO  PhanThiLinh_20520615:709 - Memory: Null
2023-04-03 15:40:03 INFO  PhanThiLinh_20520615:708 - Result :10.0
2023-04-03 15:40:03 INFO  PhanThiLinh_20520615:709 - Memory: Null
2023-04-03 15:40:26 INFO  PhanThiLinh_20520615:708 - Result :100.0
2023-04-03 15:40:26 INFO  PhanThiLinh_20520615:709 - Memory: Null
2023-04-03 15:41:38 INFO  PhanThiLinh_20520615:72 -  Run Caculator
2023-04-03 15:41:40 INFO  PhanThiLinh_20520615:708 - Result :6.0
2023-04-03 15:41:40 INFO  PhanThiLinh_20520615:709 - Memory: Null
2023-04-03 15:41:41 INFO  PhanThiLinh_20520615:708 - Result :6.0
2023-04-03 15:41:41 INFO  PhanThiLinh_20520615:709 - Memory: Null
2023-04-03 15:41:48 INFO  PhanThiLinh_20520615:708 - Result :6.0
2023-04-03 15:41:48 INFO  PhanThiLinh_20520615:709 - Memory: Null
2023-04-03 15:41:49 INFO  PhanThiLinh_20520615:708 - Result :6.0
2023-04-03 15:41:49 INFO  PhanThiLinh_20520615:709 - Memory: Null
2023-04-03 15:41:51 INFO  PhanThiLinh_20520615:614 - Result :
2023-04-03 15:41:51 INFO  PhanThiLinh_20520615:615 - Memory: 6.0
2023-04-03 15:41:52 INFO  PhanThiLinh_20520615:614 - Result :
2023-04-03 15:41:52 INFO  PhanThiLinh_20520615:615 - Memory: 
2023-04-03 15:42:31 INFO  PhanThiLinh_20520615:72 -  Run Caculator
2023-04-03 15:42:33 INFO  PhanThiLinh_20520615:708 - Result :666.0
2023-04-03 15:42:33 INFO  PhanThiLinh_20520615:709 - Memory: Null
2023-04-03 15:42:34 INFO  PhanThiLinh_20520615:708 - Result :666.0
2023-04-03 15:42:34 INFO  PhanThiLinh_20520615:709 - Memory: Null
2023-04-03 15:42:38 INFO  PhanThiLinh_20520615:708 - Result :666.0
2023-04-03 15:42:38 INFO  PhanThiLinh_20520615:709 - Memory: Null
2023-04-03 15:43:04 INFO  PhanThiLinh_20520615:72 -  Run Caculator
2023-04-03 15:43:06 INFO  PhanThiLinh_20520615:708 - Result :6.0
2023-04-03 15:43:06 INFO  PhanThiLinh_20520615:709 - Memory: Null
2023-04-03 15:43:07 INFO  PhanThiLinh_20520615:708 - Result :6.0
2023-04-03 15:43:07 INFO  PhanThiLinh_20520615:709 - Memory: Null
2023-04-03 15:43:08 INFO  PhanThiLinh_20520615:614 - Result :
2023-04-03 15:43:08 INFO  PhanThiLinh_20520615:615 - Memory: 6.0
2023-04-03 15:43:10 INFO  PhanThiLinh_20520615:614 - Result :
2023-04-03 15:43:10 INFO  PhanThiLinh_20520615:615 - Memory: 
2023-04-03 15:43:52 INFO  PhanThiLinh_20520615:72 -  Run Caculator
2023-04-03 15:43:57 INFO  PhanThiLinh_20520615:709 - Result :999.0
2023-04-03 15:43:57 INFO  PhanThiLinh_20520615:710 - Memory: Null
2023-04-03 15:43:59 INFO  PhanThiLinh_20520615:709 - Result :999.0
2023-04-03 15:43:59 INFO  PhanThiLinh_20520615:710 - Memory: 999.0
2023-04-03 15:44:01 INFO  PhanThiLinh_20520615:709 - Result :999.0
2023-04-03 15:44:01 INFO  PhanThiLinh_20520615:710 - Memory: 999.0
2023-04-03 15:44:01 INFO  PhanThiLinh_20520615:709 - Result :999.0
2023-04-03 15:44:01 INFO  PhanThiLinh_20520615:710 - Memory: 999.0
2023-04-03 15:44:02 INFO  PhanThiLinh_20520615:709 - Result :999.0
2023-04-03 15:44:02 INFO  PhanThiLinh_20520615:710 - Memory: 999.0
2023-04-03 15:44:20 INFO  PhanThiLinh_20520615:72 -  Run Caculator
2023-04-03 15:44:22 INFO  PhanThiLinh_20520615:709 - Result :10.0
2023-04-03 15:44:22 INFO  PhanThiLinh_20520615:710 - Memory: Null
2023-04-03 15:44:32 INFO  PhanThiLinh_20520615:709 - Result :5.0
2023-04-03 15:44:32 INFO  PhanThiLinh_20520615:710 - Memory: 10.0
2023-04-03 15:44:59 INFO  PhanThiLinh_20520615:709 - Result :15.0
2023-04-03 15:44:59 INFO  PhanThiLinh_20520615:710 - Memory: 15.0
2023-04-03 15:45:09 INFO  PhanThiLinh_20520615:709 - Result :15.0
2023-04-03 15:45:09 INFO  PhanThiLinh_20520615:710 - Memory: 30.0
2023-04-03 15:45:23 INFO  PhanThiLinh_20520615:709 - Result :5.0
2023-04-03 15:45:23 INFO  PhanThiLinh_20520615:710 - Memory: 15.0
2023-04-03 15:45:50 INFO  PhanThiLinh_20520615:709 - Result :5.0
2023-04-03 15:45:50 INFO  PhanThiLinh_20520615:710 - Memory: 20.0
2023-04-03 15:46:00 INFO  PhanThiLinh_20520615:709 - Result :15.0
2023-04-03 15:46:00 INFO  PhanThiLinh_20520615:710 - Memory: 15.0
2023-04-03 15:46:09 INFO  PhanThiLinh_20520615:709 - Result :85.0
2023-04-03 15:46:09 INFO  PhanThiLinh_20520615:710 - Memory: 15.0
2023-04-03 15:46:19 INFO  PhanThiLinh_20520615:709 - Result :55.0
2023-04-03 15:46:19 INFO  PhanThiLinh_20520615:710 - Memory: 85.0
